# JRE version: OpenJDK Runtime Environment (11.0.11+9) (build 11.0.11+9-b60-7590822)
# Java VM: OpenJDK 64-Bit Server VM (11.0.11+9-b60-7590822, mixed mode, tiered, compressed oops, g1 gc, windows-amd64)
Heap:
 garbage-first heap   total 181248K, used 88186K [0x0000000080000000, 0x0000000100000000)
  region size 1024K, 51 young (52224K), 5 survivors (5120K)
 Metaspace       used 48930K, capacity 50111K, committed 50176K, reserved 1093632K
  class space    used 6179K, capacity 6629K, committed 6656K, reserved 1048576K
GC Heap History (20 events):
Event: 13.896 GC heap before
{Heap before GC invocations=32 (full 0):
 garbage-first heap   total 181248K, used 144562K [0x0000000080000000, 0x0000000100000000)
  region size 1024K, 106 young (108544K), 3 survivors (3072K)
 Metaspace       used 48671K, capacity 49834K, committed 49920K, reserved 1093632K
  class space    used 6156K, capacity 6585K, committed 6656K, reserved 1048576K
}
Event: 13.898 GC heap after
{Heap after GC invocations=33 (full 0):
 garbage-first heap   total 181248K, used 38243K [0x0000000080000000, 0x0000000100000000)
  region size 1024K, 3 young (3072K), 3 survivors (3072K)
 Metaspace       used 48671K, capacity 49834K, committed 49920K, reserved 1093632K
  class space    used 6156K, capacity 6585K, committed 6656K, reserved 1048576K
}
Event: 14.083 GC heap before
{Heap before GC invocations=33 (full 0):
 garbage-first heap   total 181248K, used 143715K [0x0000000080000000, 0x0000000100000000)
  region size 1024K, 106 young (108544K), 3 survivors (3072K)
 Metaspace       used 48677K, capacity 49836K, committed 49920K, reserved 1093632K
  class space    used 6156K, capacity 6585K, committed 6656K, reserved 1048576K
}
Event: 14.084 GC heap after
{Heap after GC invocations=34 (full 0):
 garbage-first heap   total 181248K, used 38474K [0x0000000080000000, 0x0000000100000000)
  region size 1024K, 3 young (3072K), 3 survivors (3072K)
 Metaspace       used 48677K, capacity 49836K, committed 49920K, reserved 1093632K
  class space    used 6156K, capacity 6585K, committed 6656K, reserved 1048576K
}
Event: 14.278 GC heap before
{Heap before GC invocations=34 (full 0):
 garbage-first heap   total 181248K, used 142922K [0x0000000080000000, 0x0000000100000000)
  region size 1024K, 106 young (108544K), 3 survivors (3072K)
 Metaspace       used 48679K, capacity 49836K, committed 49920K, reserved 1093632K
  class space    used 6156K, capacity 6585K, committed 6656K, reserved 1048576K
}
Event: 14.280 GC heap after
{Heap after GC invocations=35 (full 0):
 garbage-first heap   total 181248K, used 38582K [0x0000000080000000, 0x0000000100000000)
  region size 1024K, 3 young (3072K), 3 survivors (3072K)
 Metaspace       used 48679K, capacity 49836K, committed 49920K, reserved 1093632K
  class space    used 6156K, capacity 6585K, committed 6656K, reserved 1048576K
}
Event: 14.531 GC heap before
{Heap before GC invocations=35 (full 0):
 garbage-first heap   total 181248K, used 143030K [0x0000000080000000, 0x0000000100000000)
  region size 1024K, 106 young (108544K), 3 survivors (3072K)
 Metaspace       used 48679K, capacity 49836K, committed 49920K, reserved 1093632K
  class space    used 6156K, capacity 6585K, committed 6656K, reserved 1048576K
}
Event: 14.533 GC heap after
{Heap after GC invocations=36 (full 0):
 garbage-first heap   total 181248K, used 38707K [0x0000000080000000, 0x0000000100000000)
  region size 1024K, 3 young (3072K), 3 survivors (3072K)
 Metaspace       used 48679K, capacity 49836K, committed 49920K, reserved 1093632K
  class space    used 6156K, capacity 6585K, committed 6656K, reserved 1048576K
}
Event: 14.847 GC heap before
{Heap before GC invocations=36 (full 0):
 garbage-first heap   total 181248K, used 144179K [0x0000000080000000, 0x0000000100000000)
  region size 1024K, 106 young (108544K), 3 survivors (3072K)
 Metaspace       used 48682K, capacity 49836K, committed 49920K, reserved 1093632K
  class space    used 6156K, capacity 6585K, committed 6656K, reserved 1048576K
}
Event: 14.849 GC heap after
{Heap after GC invocations=37 (full 0):
 garbage-first heap   total 181248K, used 39492K [0x0000000080000000, 0x0000000100000000)
  region size 1024K, 4 young (4096K), 4 survivors (4096K)
 Metaspace       used 48682K, capacity 49836K, committed 49920K, reserved 1093632K
  class space    used 6156K, capacity 6585K, committed 6656K, reserved 1048576K
}
Event: 15.051 GC heap before
{Heap before GC invocations=37 (full 0):
 garbage-first heap   total 181248K, used 143940K [0x0000000080000000, 0x0000000100000000)
  region size 1024K, 106 young (108544K), 4 survivors (4096K)
 Metaspace       used 48682K, capacity 49836K, committed 49920K, reserved 1093632K
  class space    used 6156K, capacity 6585K, committed 6656K, reserved 1048576K
}
Event: 15.053 GC heap after
{Heap after GC invocations=38 (full 0):
 garbage-first heap   total 181248K, used 40291K [0x0000000080000000, 0x0000000100000000)
  region size 1024K, 4 young (4096K), 4 survivors (4096K)
 Metaspace       used 48682K, capacity 49836K, committed 49920K, reserved 1093632K
  class space    used 6156K, capacity 6585K, committed 6656K, reserved 1048576K
}
Event: 15.267 GC heap before
{Heap before GC invocations=38 (full 0):
 garbage-first heap   total 181248K, used 144739K [0x0000000080000000, 0x0000000100000000)
  region size 1024K, 106 young (108544K), 4 survivors (4096K)
 Metaspace       used 48682K, capacity 49836K, committed 49920K, reserved 1093632K
  class space    used 6156K, capacity 6585K, committed 6656K, reserved 1048576K
}
Event: 15.269 GC heap after
{Heap after GC invocations=39 (full 0):
 garbage-first heap   total 181248K, used 40879K [0x0000000080000000, 0x0000000100000000)
  region size 1024K, 5 young (5120K), 5 survivors (5120K)
 Metaspace       used 48682K, capacity 49836K, committed 49920K, reserved 1093632K
  class space    used 6156K, capacity 6585K, committed 6656K, reserved 1048576K
}
Event: 15.526 GC heap before
{Heap before GC invocations=39 (full 0):
 garbage-first heap   total 181248K, used 144303K [0x0000000080000000, 0x0000000100000000)
  region size 1024K, 107 young (109568K), 5 survivors (5120K)
 Metaspace       used 48682K, capacity 49836K, committed 49920K, reserved 1093632K
  class space    used 6156K, capacity 6585K, committed 6656K, reserved 1048576K
}
Event: 15.528 GC heap after
{Heap after GC invocations=40 (full 0):
 garbage-first heap   total 181248K, used 41727K [0x0000000080000000, 0x0000000100000000)
  region size 1024K, 6 young (6144K), 6 survivors (6144K)
 Metaspace       used 48682K, capacity 49836K, committed 49920K, reserved 1093632K
  class space    used 6156K, capacity 6585K, committed 6656K, reserved 1048576K
}
Event: 15.996 GC heap before
{Heap before GC invocations=40 (full 0):
 garbage-first heap   total 181248K, used 144127K [0x0000000080000000, 0x0000000100000000)
  region size 1024K, 106 young (108544K), 6 survivors (6144K)
 Metaspace       used 48682K, capacity 49836K, committed 49920K, reserved 1093632K
  class space    used 6156K, capacity 6585K, committed 6656K, reserved 1048576K
}
Event: 15.999 GC heap after
{Heap after GC invocations=41 (full 0):
 garbage-first heap   total 181248K, used 39596K [0x0000000080000000, 0x0000000100000000)
  region size 1024K, 4 young (4096K), 4 survivors (4096K)
 Metaspace       used 48682K, capacity 49836K, committed 49920K, reserved 1093632K
  class space    used 6156K, capacity 6585K, committed 6656K, reserved 1048576K
}
Event: 16.555 GC heap before
{Heap before GC invocations=41 (full 0):
 garbage-first heap   total 181248K, used 144044K [0x0000000080000000, 0x0000000100000000)
  region size 1024K, 106 young (108544K), 4 survivors (4096K)
 Metaspace       used 48682K, capacity 49836K, committed 49920K, reserved 1093632K
  class space    used 6156K, capacity 6585K, committed 6656K, reserved 1048576K
}
Event: 16.557 GC heap after
{Heap after GC invocations=42 (full 0):
 garbage-first heap   total 181248K, used 40058K [0x0000000080000000, 0x0000000100000000)
  region size 1024K, 5 young (5120K), 5 survivors (5120K)
 Metaspace       used 48682K, capacity 49836K, committed 49920K, reserved 1093632K
  class space    used 6156K, capacity 6585K, committed 6656K, reserved 1048576K
}

